20.02.2022 - 18:53:06 - [TAB v3.0.2] Something just tried to add player 3Lord3 into team Example (expected team: 83Lord3A)
20.02.2022 - 18:55:57 - [TAB v3.0.2] Something just tried to add player Jailor into team Example (expected team: 8JailorA)
20.02.2022 - 19:03:05 - [TAB v3.0.2] Something just tried to add player 3Lord3 into team Example (expected team: 83Lord3A)
20.02.2022 - 19:03:05 - [TAB v3.0.2] Something just tried to add player Jailor into team Example (expected team: 8JailorA)
20.02.2022 - 19:03:44 - [TAB v3.0.2] Something just tried to add player 3Lord3 into team Example (expected team: 83Lord3A)
20.02.2022 - 19:03:46 - [TAB v3.0.2] Something just tried to add player Jailor into team Example (expected team: 8JailorA)
20.02.2022 - 19:03:58 - [TAB v3.0.2] Something just tried to add player 3Lord3 into team Example (expected team: 83Lord3A)
20.02.2022 - 19:03:58 - [TAB v3.0.2] Something just tried to add player Jailor into team Example (expected team: 8JailorA)
20.02.2022 - 19:05:18 - [TAB v3.0.2] Something just tried to add player 3Lord3 into team Example (expected team: 83Lord3A)
20.02.2022 - 19:05:27 - [TAB v3.0.2] Something just tried to add player Jailor into team Example (expected team: 8JailorA)
20.02.2022 - 19:12:48 - [TAB v3.0.2] Something just tried to add player 3Lord3 into team Example (expected team: 83Lord3A)
21.02.2022 - 13:59:30 - [TAB v3.0.2] Something just tried to add player Jailor into team Example (expected team: 8JailorA)
21.02.2022 - 14:06:18 - [TAB v3.0.2] Something just tried to add player 3Lord3 into team Example (expected team: 83Lord3A)
21.02.2022 - 14:09:22 - [TAB v3.0.2] Something just tried to add player Jailor into team Example (expected team: 8JailorA)
21.02.2022 - 14:09:22 - [TAB v3.0.2] Something just tried to add player 3Lord3 into team Example (expected team: 83Lord3A)
21.02.2022 - 14:12:12 - [TAB v3.0.2] Something just tried to add player Jailor into team Example (expected team: 8JailorA)
21.02.2022 - 14:12:12 - [TAB v3.0.2] Something just tried to add player 3Lord3 into team Example (expected team: 83Lord3A)
21.02.2022 - 14:24:24 - [TAB v3.0.2] Something just tried to add player Jailor into team Example (expected team: 8JailorA)
21.02.2022 - 14:52:04 - [TAB v3.0.2] Something just tried to add player 3Lord3 into team Example (expected team: 83Lord3A)
21.02.2022 - 16:24:31 - [TAB v3.0.2] Something just tried to add player 3Lord3 into team Example (expected team: 83Lord3A)
21.02.2022 - 16:55:42 - [TAB v3.0.2] Something just tried to add player Jailor into team Example (expected team: 8JailorA)
21.02.2022 - 16:55:42 - [TAB v3.0.2] Something just tried to add player 3Lord3 into team Example (expected team: 83Lord3A)
21.02.2022 - 17:09:59 - [TAB v3.0.2] Something just tried to add player Jailor into team Example (expected team: 8JailorA)
21.02.2022 - 17:54:26 - [TAB v3.0.2] Something just tried to add player Jailor into team Hunter (expected team: 8JailorA)
21.02.2022 - 18:01:21 - [TAB v3.0.2] Something just tried to add player 3Lord3 into team Example (expected team: 83Lord3A)
21.02.2022 - 18:26:09 - [TAB v3.0.2] Something just tried to add player 3Lord3 into team Hunter (expected team: 83Lord3A)
23.02.2022 - 09:34:45 - [TAB v3.0.2] Something just tried to add player Jailor into team Hunter (expected team: 8JailorA)
23.02.2022 - 09:39:00 - [TAB v3.0.2] Something just tried to add player 3Lord3 into team Hunter (expected team: 83Lord3A)
23.02.2022 - 09:39:58 - [TAB v3.0.2] Something just tried to add player Jailor into team Hunter (expected team: 8JailorA)
23.02.2022 - 09:39:58 - [TAB v3.0.2] Something just tried to add player 3Lord3 into team Hunter (expected team: 83Lord3A)
23.02.2022 - 09:39:58 - [TAB v3.0.2] Something just tried to add player Jailor into team Hunter (expected team: 8JailorA)
23.02.2022 - 10:36:42 - [TAB v3.0.2] Something just tried to add player 3Lord3 into team Hunter (expected team: 83Lord3A)
23.02.2022 - 10:36:42 - [TAB v3.0.2] Something just tried to add player Jailor into team Hunter (expected team: 8JailorA)
23.02.2022 - 10:55:29 - [TAB v3.0.2] Something just tried to add player 3Lord3 into team Hunter (expected team: 83Lord3A)
23.02.2022 - 13:30:02 - [TAB v3.0.2] Something just tried to add player Jailor into team Hunter (expected team: 8JailorA)
23.02.2022 - 13:36:18 - [TAB v3.0.2] Something just tried to add player 3Lord3 into team Hunter (expected team: 83Lord3A)
23.02.2022 - 13:49:25 - [TAB v3.0.2] Something just tried to add player Jailor into team Hunter (expected team: 8JailorA)
23.02.2022 - 13:51:48 - [TAB v3.0.2] Something just tried to add player 3Lord3 into team Hunter (expected team: 83Lord3A)
23.02.2022 - 13:51:48 - [TAB v3.0.2] Something just tried to add player Jailor into team Hunter (expected team: 8JailorA)
23.02.2022 - 13:51:48 - [TAB v3.0.2] Something just tried to add player 3Lord3 into team Hunter (expected team: 83Lord3A)
23.02.2022 - 13:51:52 - [TAB v3.0.2] Something just tried to add player Jailor into team Hunter (expected team: 8JailorA)
23.02.2022 - 13:52:32 - [TAB v3.0.2] Something just tried to add player DanilTerl into team CIT-3fd005c5509d (expected team: 8DanilTerlA)
23.02.2022 - 13:52:32 - [TAB v3.0.2] Something just tried to add player DanilTerl into team CIT-3fd005c5509d (expected team: 8DanilTerlA)
23.02.2022 - 13:57:37 - [TAB v3.0.2] Something just tried to add player 3Lord3 into team Hunter (expected team: 83Lord3A)
23.02.2022 - 13:57:37 - [TAB v3.0.2] Something just tried to add player Jailor into team Hunter (expected team: 8JailorA)
23.02.2022 - 14:13:38 - [TAB v3.0.2] Something just tried to add player Jailor into team Hunter (expected team: 8JailorA)
23.02.2022 - 14:13:41 - [TAB v3.0.2] Something just tried to add player 3Lord3 into team Hunter (expected team: 83Lord3A)
23.02.2022 - 14:14:22 - [TAB v3.0.2] Something just tried to add player Jailor into team Hunter (expected team: 8JailorA)
23.02.2022 - 14:14:44 - [TAB v3.0.2] Something just tried to add player 3Lord3 into team Hunter (expected team: 83Lord3A)
23.02.2022 - 14:14:44 - [TAB v3.0.2] Something just tried to add player Jailor into team Hunter (expected team: 8JailorA)
23.02.2022 - 14:16:56 - [TAB v3.0.2] Something just tried to add player 3Lord3 into team Hunter (expected team: 83Lord3A)
23.02.2022 - 14:16:56 - [TAB v3.0.2] Something just tried to add player Jailor into team Hunter (expected team: 8JailorA)
23.02.2022 - 14:17:29 - [TAB v3.0.2] Something just tried to add player DanilTerl into team CIT-827862ff2f0e (expected team: 8DanilTerlA)
23.02.2022 - 14:21:59 - [TAB v3.0.2] Something just tried to add player 3Lord3 into team Hunter (expected team: 83Lord3A)
23.02.2022 - 14:21:59 - [TAB v3.0.2] Something just tried to add player Jailor into team Hunter (expected team: 8JailorA)
23.02.2022 - 14:28:26 - [TAB v3.0.2] Something just tried to add player 3Lord3 into team Hunter (expected team: 83Lord3A)
23.02.2022 - 14:28:38 - [TAB v3.0.2] Something just tried to add player Jailor into team Hunter (expected team: 8JailorA)
23.02.2022 - 14:30:04 - [TAB v3.0.2] Something just tried to add player 3Lord3 into team Hunter (expected team: 83Lord3A)
23.02.2022 - 14:38:15 - [TAB v3.0.2] Something just tried to add player DanilTerl into team Hunter (expected team: 8DanilTerlA)
23.02.2022 - 14:41:50 - [TAB v3.0.2] Something just tried to add player 3Lord3 into team Hunter (expected team: 83Lord3A)
23.02.2022 - 14:41:50 - [TAB v3.0.2] Something just tried to add player DanilTerl into team Hunter (expected team: 8DanilTerlA)
23.02.2022 - 14:42:48 - [TAB v3.0.2] Something just tried to add player DanilTerl into team Hunter (expected team: 8DanilTerlA)
23.02.2022 - 14:43:50 - [TAB v3.0.2] Something just tried to add player DanilTerl into team Hunter (expected team: 8DanilTerlA)
23.02.2022 - 14:46:50 - [TAB v3.0.2] Something just tried to add player DanilTerl into team Hunter (expected team: 8DanilTerlA)
23.02.2022 - 14:47:00 - [TAB v3.0.2] Something just tried to add player 3Lord3 into team Hunter (expected team: 83Lord3A)
23.02.2022 - 14:47:00 - [TAB v3.0.2] Something just tried to add player 3Lord3 into team Hunter (expected team: 83Lord3A)
23.02.2022 - 14:47:45 - [TAB v3.0.2] Something just tried to add player DanilTerl into team Hunter (expected team: 8DanilTerlA)
23.02.2022 - 14:47:51 - [TAB v3.0.2] Something just tried to add player 3Lord3 into team Hunter (expected team: 83Lord3A)
23.02.2022 - 14:51:26 - [TAB v3.0.2] Something just tried to add player DanilTerl into team Hunter (expected team: 8DanilTerlA)
23.02.2022 - 14:57:50 - [TAB v3.0.2] Something just tried to add player 3Lord3 into team Hunter (expected team: 83Lord3A)
23.02.2022 - 14:57:50 - [TAB v3.0.2] Something just tried to add player DanilTerl into team Hunter (expected team: 8DanilTerlA)
23.02.2022 - 14:58:06 - [TAB v3.0.2] Something just tried to add player 3Lord3 into team Hunter (expected team: 83Lord3A)
23.02.2022 - 14:58:06 - [TAB v3.0.2] Something just tried to add player DanilTerl into team Hunter (expected team: 8DanilTerlA)
23.02.2022 - 15:02:37 - [TAB v3.0.2] Something just tried to add player 3Lord3 into team Hunter (expected team: 83Lord3A)
23.02.2022 - 15:02:37 - [TAB v3.0.2] Something just tried to add player DanilTerl into team Hunter (expected team: 8DanilTerlA)
23.02.2022 - 15:02:37 - [TAB v3.0.2] Something just tried to add player 3Lord3 into team Hunter (expected team: 83Lord3A)
23.02.2022 - 15:02:37 - [TAB v3.0.2] Something just tried to add player DanilTerl into team Hunter (expected team: 8DanilTerlA)
23.02.2022 - 15:07:29 - [TAB v3.0.2] Something just tried to add player Horusee into team Hunter (expected team: 8HoruseeA)
23.02.2022 - 15:26:10 - [TAB v3.0.2] Something just tried to add player Horusee into team CIT-d7c0cfe9e5ba (expected team: 8HoruseeA)
23.02.2022 - 15:33:23 - [TAB v3.0.2] Something just tried to add player _RimuraTempest_ into team CIT-c4591e5dd68a (expected team: 8_RimuraTempestA)
23.02.2022 - 15:57:17 - [TAB v3.0.2] Something just tried to add player _RimuraTempest_ into team CIT-b1e6f29c0b7b (expected team: 8_RimuraTempestA)
23.02.2022 - 15:57:17 - [TAB v3.0.2] Something just tried to add player _RimuraTempest_ into team CIT-b1e6f29c0b7b (expected team: 8_RimuraTempestA)
23.02.2022 - 15:57:19 - [TAB v3.0.2] Something just tried to add player _RimuraTempest_ into team CIT-04d36789e189 (expected team: 8_RimuraTempestA)
23.02.2022 - 15:57:20 - [TAB v3.0.2] Something just tried to add player _RimuraTempest_ into team CIT-011272681014 (expected team: 8_RimuraTempestA)
23.02.2022 - 15:57:21 - [TAB v3.0.2] Something just tried to add player _RimuraTempest_ into team CIT-cec4a4b98981 (expected team: 8_RimuraTempestA)
23.02.2022 - 15:57:37 - [TAB v3.0.2] Something just tried to add player _RimuraTempest_ into team CIT-787c9f1a2218 (expected team: 8_RimuraTempestA)
23.02.2022 - 15:57:38 - [TAB v3.0.2] Something just tried to add player _RimuraTempest_ into team CIT-4911de31a0c3 (expected team: 8_RimuraTempestA)
23.02.2022 - 15:57:39 - [TAB v3.0.2] Something just tried to add player _RimuraTempest_ into team CIT-b49b8718765e (expected team: 8_RimuraTempestA)
23.02.2022 - 15:57:40 - [TAB v3.0.2] Something just tried to add player _RimuraTempest_ into team CIT-a9b7f4b056f0 (expected team: 8_RimuraTempestA)
23.02.2022 - 15:57:42 - [TAB v3.0.2] Something just tried to add player _RimuraTempest_ into team CIT-33698e5d6836 (expected team: 8_RimuraTempestA)
23.02.2022 - 15:57:42 - [TAB v3.0.2] Something just tried to add player _RimuraTempest_ into team CIT-33698e5d6836 (expected team: 8_RimuraTempestA)
23.02.2022 - 15:57:43 - [TAB v3.0.2] Something just tried to add player _RimuraTempest_ into team CIT-76188a8a8929 (expected team: 8_RimuraTempestA)
23.02.2022 - 15:57:45 - [TAB v3.0.2] Something just tried to add player _RimuraTempest_ into team CIT-beb34fdc3c6c (expected team: 8_RimuraTempestA)
23.02.2022 - 15:57:47 - [TAB v3.0.2] Something just tried to add player _RimuraTempest_ into team CIT-052fa3676485 (expected team: 8_RimuraTempestA)
23.02.2022 - 15:57:48 - [TAB v3.0.2] Something just tried to add player _RimuraTempest_ into team CIT-173664df5652 (expected team: 8_RimuraTempestA)
23.02.2022 - 15:57:48 - [TAB v3.0.2] Something just tried to add player _RimuraTempest_ into team CIT-173664df5652 (expected team: 8_RimuraTempestA)
23.02.2022 - 15:57:49 - [TAB v3.0.2] Something just tried to add player _RimuraTempest_ into team CIT-06aa5b27e263 (expected team: 8_RimuraTempestA)
23.02.2022 - 15:57:52 - [TAB v3.0.2] Something just tried to add player _RimuraTempest_ into team CIT-579823aaa66d (expected team: 8_RimuraTempestA)
23.02.2022 - 16:08:24 - [TAB v3.0.2] Something just tried to add player Horusee into team Hunter (expected team: 8HoruseeA)
23.02.2022 - 16:13:44 - [TAB v3.0.2] Something just tried to add player DanilTerl into team Hunter (expected team: 8DanilTerlA)
23.02.2022 - 16:13:44 - [TAB v3.0.2] Something just tried to add player Horusee into team Hunter (expected team: 8HoruseeA)
23.02.2022 - 16:13:45 - [TAB v3.0.2] Something just tried to add player DanilTerl into team Hunter (expected team: 8DanilTerlA)
23.02.2022 - 16:21:07 - [TAB v3.0.2] Something just tried to add player Horusee into team Hunter (expected team: 8HoruseeA)
23.02.2022 - 16:22:22 - [TAB v3.0.2] Something just tried to add player DanilTerl into team Hunter (expected team: 8DanilTerlA)
23.02.2022 - 16:22:22 - [TAB v3.0.2] Something just tried to add player Horusee into team Hunter (expected team: 8HoruseeA)
23.02.2022 - 16:23:53 - [TAB v3.0.2] Something just tried to add player DanilTerl into team Hunter (expected team: 8DanilTerlA)
23.02.2022 - 16:23:53 - [TAB v3.0.2] Something just tried to add player Horusee into team Hunter (expected team: 8HoruseeA)
23.02.2022 - 16:25:19 - [TAB v3.0.2] Something just tried to add player DanilTerl into team Hunter (expected team: 8DanilTerlA)
23.02.2022 - 16:25:19 - [TAB v3.0.2] Something just tried to add player Horusee into team Hunter (expected team: 8HoruseeA)
23.02.2022 - 16:27:22 - [TAB v3.0.2] Something just tried to add player DanilTerl into team Hunter (expected team: 8DanilTerlA)
23.02.2022 - 16:27:22 - [TAB v3.0.2] Something just tried to add player Horusee into team Hunter (expected team: 8HoruseeA)
23.02.2022 - 16:30:24 - [TAB v3.0.2] Something just tried to add player _RimuraTempest_ into team CIT-121337d70e19 (expected team: 8_RimuraTempestA)
23.02.2022 - 16:41:57 - [TAB v3.0.2] Something just tried to add player DanilTerl into team Hunter (expected team: 8DanilTerlA)
23.02.2022 - 16:42:39 - [TAB v3.0.2] Something just tried to add player Horusee into team Hunter (expected team: 8HoruseeA)
23.02.2022 - 17:16:38 - [TAB v3.0.2] Something just tried to add player Horusee into team Hunter (expected team: 8HoruseeA)
23.02.2022 - 17:19:55 - [TAB v3.0.2] Something just tried to add player DanilTerl into team Hunter (expected team: 8DanilTerlA)
23.02.2022 - 17:19:55 - [TAB v3.0.2] Something just tried to add player Horusee into team Hunter (expected team: 8HoruseeA)
23.02.2022 - 17:19:55 - [TAB v3.0.2] Something just tried to add player DanilTerl into team Hunter (expected team: 8DanilTerlA)
24.03.2022 - 14:28:01 - [TAB v3.0.2] Something just tried to add player 3Lord3 into team Hunter (expected team: 83Lord3A)
24.03.2022 - 14:58:10 - [TAB v3.0.2] Something just tried to add player Horusee into team Mage (expected team: 8HoruseeA)
24.03.2022 - 14:59:38 - [TAB v3.0.2] Something just tried to add player 3Lord3 into team Hunter (expected team: 83Lord3A)
24.03.2022 - 14:59:38 - [TAB v3.0.2] Something just tried to add player Horusee into team Mage (expected team: 8HoruseeA)
24.03.2022 - 14:59:38 - [TAB v3.0.2] Something just tried to add player 3Lord3 into team Hunter (expected team: 83Lord3A)
24.03.2022 - 15:06:22 - [TAB v3.0.2] Something just tried to add player 3Lord3 into team Mage (expected team: 83Lord3A)
24.03.2022 - 15:28:45 - [TAB v3.0.2] Something just tried to add player Horusee into team Mage (expected team: 8HoruseeA)
24.03.2022 - 15:28:45 - [TAB v3.0.2] Something just tried to add player Jailor into team Guardsman (expected team: 8JailorA)
24.03.2022 - 15:29:32 - [TAB v3.0.2] Something just tried to add player Horusee into team Mage (expected team: 8HoruseeA)
24.03.2022 - 15:34:12 - [TAB v3.0.2] Something just tried to add player Jailor into team Guardsman (expected team: 8JailorA)
24.03.2022 - 15:38:57 - [TAB v3.0.2] Something just tried to add player _WaINd_ into team Guardsman (expected team: 8_WaINd_A)
24.03.2022 - 15:39:42 - [TAB v3.0.2] Something just tried to add player Jailor into team Guardsman (expected team: 8JailorA)
24.03.2022 - 15:39:42 - [TAB v3.0.2] Something just tried to add player _WaINd_ into team Guardsman (expected team: 8_WaINd_A)
24.03.2022 - 15:39:42 - [TAB v3.0.2] Something just tried to add player 3Lord3 into team Mage (expected team: 83Lord3A)
24.03.2022 - 15:57:52 - [TAB v3.0.2] Something just tried to add player Jailor into team Guardsman (expected team: 8JailorA)
24.03.2022 - 15:57:52 - [TAB v3.0.2] Something just tried to add player 3Lord3 into team Mage (expected team: 83Lord3A)
24.03.2022 - 16:00:14 - [TAB v3.0.2] Something just tried to add player Jailor into team Guardsman (expected team: 8JailorA)
24.03.2022 - 16:08:38 - [TAB v3.0.2] Something just tried to add player 3Lord3 into team Mage (expected team: 83Lord3A)
24.03.2022 - 17:54:38 - [TAB v3.0.2] Something just tried to add player Jailor into team Guardsman (expected team: 8JailorA)
24.03.2022 - 18:43:08 - [TAB v3.0.2] Something just tried to add player 3Lord3 into team Mage (expected team: 83Lord3A)
24.03.2022 - 18:55:39 - [TAB v3.0.2] Something just tried to add player Jailor into team Guardsman (expected team: 8JailorA)
24.03.2022 - 18:55:39 - [TAB v3.0.2] Something just tried to add player 3Lord3 into team Mage (expected team: 83Lord3A)
24.03.2022 - 18:55:39 - [TAB v3.0.2] Something just tried to add player Jailor into team Guardsman (expected team: 8JailorA)
24.03.2022 - 18:56:42 - [TAB v3.0.2] Something just tried to add player 3Lord3 into team Mage (expected team: 83Lord3A)
24.03.2022 - 18:56:42 - [TAB v3.0.2] Something just tried to add player Jailor into team Guardsman (expected team: 8JailorA)
24.03.2022 - 19:04:08 - [TAB v3.0.2] Something just tried to add player 3Lord3 into team Mage (expected team: 83Lord3A)
24.03.2022 - 19:14:34 - [TAB v3.0.2] Something just tried to add player Jailor into team Guardsman (expected team: 8JailorA)
24.03.2022 - 19:14:34 - [TAB v3.0.2] Something just tried to add player 3Lord3 into team Mage (expected team: 83Lord3A)
25.03.2022 - 15:31:02 - [TAB v3.0.2] Something just tried to add player Jailor into team Guardsman (expected team: 8JailorA)
25.03.2022 - 15:35:02 - [TAB v3.0.2] Something just tried to add player _WaINd_ into team Guardsman (expected team: 8_WaINd_A)
25.03.2022 - 15:35:12 - [TAB v3.0.2] Something just tried to add player Jailor into team Guardsman (expected team: 8JailorA)
25.03.2022 - 15:35:12 - [TAB v3.0.2] Something just tried to add player _WaINd_ into team Guardsman (expected team: 8_WaINd_A)
25.03.2022 - 15:36:34 - [TAB v3.0.2] Something just tried to add player Jailor into team Guardsman (expected team: 8JailorA)
25.03.2022 - 15:36:34 - [TAB v3.0.2] Something just tried to add player _WaINd_ into team Guardsman (expected team: 8_WaINd_A)
25.03.2022 - 15:37:28 - [TAB v3.0.2] Something just tried to add player Jailor into team Guardsman (expected team: 8JailorA)
25.03.2022 - 15:37:28 - [TAB v3.0.2] Something just tried to add player _WaINd_ into team Guardsman (expected team: 8_WaINd_A)
25.03.2022 - 15:43:33 - [TAB v3.0.2] Something just tried to add player Jailor into team Guardsman (expected team: 8JailorA)
25.03.2022 - 15:43:33 - [TAB v3.0.2] Something just tried to add player _WaINd_ into team Guardsman (expected team: 8_WaINd_A)
25.03.2022 - 15:43:34 - [TAB v3.0.2] Something just tried to add player Horusee into team Mage (expected team: 8HoruseeA)
25.03.2022 - 15:47:11 - [TAB v3.0.2] Something just tried to add player _WaINd_ into team Guardsman (expected team: 8_WaINd_A)
25.03.2022 - 15:47:56 - [TAB v3.0.2] Something just tried to add player Jailor into team Guardsman (expected team: 8JailorA)
25.03.2022 - 15:48:00 - [TAB v3.0.2] Something just tried to add player _WaINd_ into team Guardsman (expected team: 8_WaINd_A)
25.03.2022 - 15:48:00 - [TAB v3.0.2] Something just tried to add player Horusee into team Mage (expected team: 8HoruseeA)
25.03.2022 - 15:51:38 - [TAB v3.0.2] Something just tried to add player Jailor into team Guardsman (expected team: 8JailorA)
25.03.2022 - 15:51:42 - [TAB v3.0.2] Something just tried to add player _WaINd_ into team Guardsman (expected team: 8_WaINd_A)
25.03.2022 - 15:52:16 - [TAB v3.0.2] Something just tried to add player Jailor into team Guardsman (expected team: 8JailorA)
25.03.2022 - 15:52:16 - [TAB v3.0.2] Something just tried to add player _WaINd_ into team Guardsman (expected team: 8_WaINd_A)
25.03.2022 - 15:52:16 - [TAB v3.0.2] Something just tried to add player Horusee into team Mage (expected team: 8HoruseeA)
25.03.2022 - 16:16:43 - [TAB v3.0.2] Something just tried to add player Jailor into team Guardsman (expected team: 8JailorA)
25.03.2022 - 16:16:43 - [TAB v3.0.2] Something just tried to add player _WaINd_ into team Guardsman (expected team: 8_WaINd_A)
25.03.2022 - 16:16:43 - [TAB v3.0.2] Something just tried to add player Horusee into team Mage (expected team: 8HoruseeA)
25.03.2022 - 16:16:43 - [TAB v3.0.2] Something just tried to add player 3Lord3 into team Mage (expected team: 83Lord3A)
25.03.2022 - 16:22:25 - [TAB v3.0.2] Something just tried to add player Jailor into team Guardsman (expected team: 8JailorA)
25.03.2022 - 16:22:25 - [TAB v3.0.2] Something just tried to add player _WaINd_ into team Guardsman (expected team: 8_WaINd_A)
25.03.2022 - 16:22:25 - [TAB v3.0.2] Something just tried to add player 3Lord3 into team Mage (expected team: 83Lord3A)
25.03.2022 - 16:22:25 - [TAB v3.0.2] Something just tried to add player Horusee into team Mage (expected team: 8HoruseeA)
25.03.2022 - 16:23:36 - [TAB v3.0.2] Something just tried to add player Jailor into team Guardsman (expected team: 8JailorA)
25.03.2022 - 16:23:36 - [TAB v3.0.2] Something just tried to add player Jailor into team Guardsman (expected team: 8JailorA)
25.03.2022 - 16:23:52 - [TAB v3.0.2] Something just tried to add player Horusee into team Mage (expected team: 8HoruseeA)
25.03.2022 - 16:58:25 - [TAB v3.0.2] Something just tried to add player _WaINd_ into team Guardsman (expected team: 8_WaINd_A)
25.03.2022 - 16:58:25 - [TAB v3.0.2] Something just tried to add player Horusee into team Mage (expected team: 8HoruseeA)
25.03.2022 - 18:43:31 - [TAB v3.0.2] Something just tried to add player Jailor into team Guardsman (expected team: 8JailorA)
26.03.2022 - 08:27:09 - [TAB v3.0.2] Something just tried to add player _WaINd_ into team Guardsman (expected team: 8_WaINd_A)
26.03.2022 - 08:39:54 - [TAB v3.0.2] Something just tried to add player Jailor into team Guardsman (expected team: 8JailorA)
26.03.2022 - 08:39:54 - [TAB v3.0.2] Something just tried to add player _WaINd_ into team Guardsman (expected team: 8_WaINd_A)
26.03.2022 - 08:39:55 - [TAB v3.0.2] Something just tried to add player Jailor into team Guardsman (expected team: 8JailorA)
26.03.2022 - 09:35:49 - [TAB v3.0.2] Something just tried to add player _WaINd_ into team Guardsman (expected team: 8_WaINd_A)
26.03.2022 - 09:35:49 - [TAB v3.0.2] Something just tried to add player 3Lord3 into team Mage (expected team: 83Lord3A)
26.03.2022 - 09:40:48 - [TAB v3.0.2] Something just tried to add player Jailor into team Guardsman (expected team: 8JailorA)
26.03.2022 - 09:40:48 - [TAB v3.0.2] Something just tried to add player _WaINd_ into team Guardsman (expected team: 8_WaINd_A)
26.03.2022 - 09:40:48 - [TAB v3.0.2] Something just tried to add player 3Lord3 into team Mage (expected team: 83Lord3A)
26.03.2022 - 09:44:34 - [TAB v3.0.2] Something just tried to add player Jailor into team Guardsman (expected team: 8JailorA)
26.03.2022 - 09:44:34 - [TAB v3.0.2] Something just tried to add player _WaINd_ into team Guardsman (expected team: 8_WaINd_A)
26.03.2022 - 09:44:34 - [TAB v3.0.2] Something just tried to add player 3Lord3 into team Mage (expected team: 83Lord3A)
26.03.2022 - 09:58:57 - [TAB v3.0.2] Something just tried to add player Jailor into team Guardsman (expected team: 8JailorA)
26.03.2022 - 10:06:11 - [TAB v3.0.2] Something just tried to add player 3Lord3 into team Mage (expected team: 83Lord3A)
26.03.2022 - 10:06:24 - [TAB v3.0.2] Something just tried to add player Jailor into team Guardsman (expected team: 8JailorA)
26.03.2022 - 10:06:24 - [TAB v3.0.2] Something just tried to add player _WaINd_ into team Guardsman (expected team: 8_WaINd_A)
26.03.2022 - 10:07:27 - [TAB v3.0.2] Something just tried to add player 3Lord3 into team Mage (expected team: 83Lord3A)
26.03.2022 - 10:08:29 - [TAB v3.0.2] Something just tried to add player 3Lord3 into team Hunter (expected team: 83Lord3A)
26.03.2022 - 11:04:37 - [TAB v3.0.2] Something just tried to add player Jailor into team Guardsman (expected team: 8JailorA)
26.03.2022 - 11:30:27 - [TAB v3.0.2] Something just tried to add player 3Lord3 into team Hunter (expected team: 83Lord3A)
26.03.2022 - 11:30:27 - [TAB v3.0.2] Something just tried to add player Jailor into team Guardsman (expected team: 8JailorA)
26.03.2022 - 11:30:27 - [TAB v3.0.2] Something just tried to add player 3Lord3 into team Hunter (expected team: 83Lord3A)
26.03.2022 - 13:12:01 - [TAB v3.0.2] Something just tried to add player Jailor into team Guardsman (expected team: 8JailorA)
26.03.2022 - 13:28:55 - [TAB v3.0.2] Something just tried to add player 3Lord3 into team Hunter (expected team: 83Lord3A)
26.03.2022 - 13:28:55 - [TAB v3.0.2] Something just tried to add player Jailor into team Guardsman (expected team: 8JailorA)
26.03.2022 - 13:28:55 - [TAB v3.0.2] Something just tried to add player 3Lord3 into team Hunter (expected team: 83Lord3A)
26.03.2022 - 13:29:06 - [TAB v3.0.2] Something just tried to add player Jailor into team Guardsman (expected team: 8JailorA)
26.03.2022 - 13:29:06 - [TAB v3.0.2] Something just tried to add player 3Lord3 into team Hunter (expected team: 83Lord3A)
26.03.2022 - 13:29:13 - [TAB v3.0.2] Something just tried to add player Jailor into team Guardsman (expected team: 8JailorA)
26.03.2022 - 13:29:13 - [TAB v3.0.2] Something just tried to add player 3Lord3 into team Hunter (expected team: 83Lord3A)
26.03.2022 - 13:29:40 - [TAB v3.0.2] Something just tried to add player Jailor into team Guardsman (expected team: 8JailorA)
26.03.2022 - 13:29:40 - [TAB v3.0.2] Something just tried to add player 3Lord3 into team Hunter (expected team: 83Lord3A)
26.03.2022 - 13:29:40 - [TAB v3.0.2] Something just tried to add player Jailor into team Guardsman (expected team: 8JailorA)
26.03.2022 - 13:34:05 - [TAB v3.0.2] Something just tried to add player 3Lord3 into team Hunter (expected team: 83Lord3A)
26.03.2022 - 13:34:05 - [TAB v3.0.2] Something just tried to add player Jailor into team Guardsman (expected team: 8JailorA)
26.03.2022 - 13:35:43 - [TAB v3.0.2] Something just tried to add player 3Lord3 into team Hunter (expected team: 83Lord3A)
26.03.2022 - 13:38:08 - [TAB v3.0.2] Something just tried to add player Jailor into team Guardsman (expected team: 8JailorA)
26.03.2022 - 13:38:08 - [TAB v3.0.2] Something just tried to add player _WaINd_ into team Guardsman (expected team: 8_WaINd_A)
26.03.2022 - 13:54:35 - [TAB v3.0.2] Something just tried to add player Jailor into team Guardsman (expected team: 8JailorA)
26.03.2022 - 13:54:35 - [TAB v3.0.2] Something just tried to add player _WaINd_ into team Guardsman (expected team: 8_WaINd_A)
26.03.2022 - 13:54:49 - [TAB v3.0.2] Something just tried to add player Jailor into team Guardsman (expected team: 8JailorA)
26.03.2022 - 13:54:49 - [TAB v3.0.2] Something just tried to add player _WaINd_ into team Guardsman (expected team: 8_WaINd_A)
26.03.2022 - 14:10:49 - [TAB v3.0.2] Something just tried to add player Jailor into team Guardsman (expected team: 8JailorA)
26.03.2022 - 14:10:49 - [TAB v3.0.2] Something just tried to add player _WaINd_ into team Guardsman (expected team: 8_WaINd_A)
26.03.2022 - 14:24:38 - [TAB v3.0.2] Something just tried to add player Jailor into team Guardsman (expected team: 8JailorA)
26.03.2022 - 14:24:38 - [TAB v3.0.2] Something just tried to add player _WaINd_ into team Guardsman (expected team: 8_WaINd_A)
26.03.2022 - 14:24:39 - [TAB v3.0.2] Something just tried to add player Jailor into team Guardsman (expected team: 8JailorA)
26.03.2022 - 14:27:41 - [TAB v3.0.2] Something just tried to add player _WaINd_ into team Guardsman (expected team: 8_WaINd_A)
26.03.2022 - 14:30:33 - [TAB v3.0.2] Something just tried to add player Jailor into team Guardsman (expected team: 8JailorA)
26.03.2022 - 14:30:33 - [TAB v3.0.2] Something just tried to add player _WaINd_ into team Guardsman (expected team: 8_WaINd_A)
26.03.2022 - 14:30:45 - [TAB v3.0.2] Something just tried to add player Jailor into team Guardsman (expected team: 8JailorA)
26.03.2022 - 14:30:45 - [TAB v3.0.2] Something just tried to add player _WaINd_ into team Guardsman (expected team: 8_WaINd_A)
26.03.2022 - 14:30:59 - [TAB v3.0.2] Something just tried to add player Jailor into team Guardsman (expected team: 8JailorA)
26.03.2022 - 14:30:59 - [TAB v3.0.2] Something just tried to add player _WaINd_ into team Guardsman (expected team: 8_WaINd_A)
26.03.2022 - 14:38:54 - [TAB v3.0.2] Something just tried to add player Jailor into team Guardsman (expected team: 8JailorA)
26.03.2022 - 14:38:54 - [TAB v3.0.2] Something just tried to add player _WaINd_ into team Guardsman (expected team: 8_WaINd_A)
26.03.2022 - 14:39:08 - [TAB v3.0.2] Something just tried to add player 3Lord3 into team Mage (expected team: 83Lord3A)
26.03.2022 - 14:42:21 - [TAB v3.0.2] Something just tried to add player Jailor into team Guardsman (expected team: 8JailorA)
26.03.2022 - 14:42:26 - [TAB v3.0.2] Something just tried to add player 3Lord3 into team Mage (expected team: 83Lord3A)
26.03.2022 - 14:48:01 - [TAB v3.0.2] Something just tried to add player Jailor into team Guardsman (expected team: 8JailorA)
26.03.2022 - 14:49:30 - [TAB v3.0.2] Something just tried to add player _WaINd_ into team Guardsman (expected team: 8_WaINd_A)
26.03.2022 - 14:49:32 - [TAB v3.0.2] Something just tried to add player Jailor into team Guardsman (expected team: 8JailorA)
26.03.2022 - 14:49:32 - [TAB v3.0.2] Something just tried to add player _WaINd_ into team Guardsman (expected team: 8_WaINd_A)
26.03.2022 - 15:00:55 - [TAB v3.0.2] Something just tried to add player Jailor into team Guardsman (expected team: 8JailorA)
26.03.2022 - 15:00:55 - [TAB v3.0.2] Something just tried to add player _WaINd_ into team Guardsman (expected team: 8_WaINd_A)
26.03.2022 - 15:15:28 - [TAB v3.0.2] Something just tried to add player Jailor into team Guardsman (expected team: 8JailorA)
26.03.2022 - 15:15:28 - [TAB v3.0.2] Something just tried to add player _WaINd_ into team Guardsman (expected team: 8_WaINd_A)
26.03.2022 - 15:17:54 - [TAB v3.0.2] Something just tried to add player Jailor into team Guardsman (expected team: 8JailorA)
26.03.2022 - 15:17:54 - [TAB v3.0.2] Something just tried to add player _WaINd_ into team Guardsman (expected team: 8_WaINd_A)
26.03.2022 - 15:20:16 - [TAB v3.0.2] Something just tried to add player 3Lord3 into team Hunter (expected team: 83Lord3A)
26.03.2022 - 15:23:52 - [TAB v3.0.2] Something just tried to add player _WaINd_ into team Guardsman (expected team: 8_WaINd_A)
26.03.2022 - 15:49:58 - [TAB v3.0.2] Something just tried to add player Jailor into team Guardsman (expected team: 8JailorA)
26.03.2022 - 16:05:37 - [TAB v3.0.2] Something just tried to add player _WaINd_ into team Guardsman (expected team: 8_WaINd_A)
26.03.2022 - 16:33:07 - [TAB v3.0.2] Something just tried to add player Jailor into team Guardsman (expected team: 8JailorA)
26.03.2022 - 16:33:07 - [TAB v3.0.2] Something just tried to add player _WaINd_ into team Guardsman (expected team: 8_WaINd_A)
26.03.2022 - 16:33:55 - [TAB v3.0.2] Something just tried to add player Jailor into team Guardsman (expected team: 8JailorA)
26.03.2022 - 16:38:23 - [TAB v3.0.2] Something just tried to add player _WaINd_ into team Guardsman (expected team: 8_WaINd_A)
26.03.2022 - 16:44:39 - [TAB v3.0.2] Something just tried to add player Jailor into team Guardsman (expected team: 8JailorA)
26.03.2022 - 16:44:39 - [TAB v3.0.2] Something just tried to add player _WaINd_ into team Guardsman (expected team: 8_WaINd_A)
26.03.2022 - 16:44:40 - [TAB v3.0.2] Something just tried to add player Jailor into team Guardsman (expected team: 8JailorA)
26.03.2022 - 17:11:59 - [TAB v3.0.2] Something just tried to add player 3Lord3 into team Hunter (expected team: 83Lord3A)
26.03.2022 - 17:11:59 - [TAB v3.0.2] Something just tried to add player Jailor into team Guardsman (expected team: 8JailorA)
26.03.2022 - 17:11:59 - [TAB v3.0.2] Something just tried to add player _WaINd_ into team Guardsman (expected team: 8_WaINd_A)
26.03.2022 - 17:11:59 - [TAB v3.0.2] Something just tried to add player 3Lord3 into team Hunter (expected team: 83Lord3A)
26.03.2022 - 17:12:13 - [TAB v3.0.2] Something just tried to add player _WaINd_ into team Guardsman (expected team: 8_WaINd_A)
26.03.2022 - 17:12:13 - [TAB v3.0.2] Something just tried to add player Jailor into team Guardsman (expected team: 8JailorA)
26.03.2022 - 17:12:13 - [TAB v3.0.2] Something just tried to add player 3Lord3 into team Hunter (expected team: 83Lord3A)
26.03.2022 - 17:12:13 - [TAB v3.0.2] Something just tried to add player Jailor into team Guardsman (expected team: 8JailorA)
26.03.2022 - 17:12:13 - [TAB v3.0.2] Something just tried to add player _WaINd_ into team Guardsman (expected team: 8_WaINd_A)
26.03.2022 - 17:22:04 - [TAB v3.0.2] Something just tried to add player Jailor into team Guardsman (expected team: 8JailorA)
26.03.2022 - 17:22:34 - [TAB v3.0.2] Something just tried to add player Jailor into team Hunter (expected team: 8JailorA)
26.03.2022 - 17:23:38 - [TAB v3.0.2] Something just tried to add player Jailor into team Marauder (expected team: 8JailorA)
26.03.2022 - 17:33:35 - [TAB v3.0.2] Something just tried to add player 3Lord3 into team Hunter (expected team: 83Lord3A)
26.03.2022 - 17:33:35 - [TAB v3.0.2] Something just tried to add player 3Lord3 into team Marauder (expected team: 83Lord3A)
26.03.2022 - 17:41:29 - [TAB v3.0.2] Something just tried to add player Jailor into team Marauder (expected team: 8JailorA)
26.03.2022 - 17:41:37 - [TAB v3.0.2] Something just tried to add player Jailor into team Hunter (expected team: 8JailorA)
26.03.2022 - 17:42:30 - [TAB v3.0.2] Something just tried to add player Jailor into team Marauder (expected team: 8JailorA)
26.03.2022 - 20:01:23 - [TAB v3.0.2] Something just tried to add player _WaINd_ into team Guardsman (expected team: 8_WaINd_A)
27.03.2022 - 07:25:23 - [TAB v3.0.2] Something just tried to add player 3Lord3 into team Marauder (expected team: 83Lord3A)
27.03.2022 - 08:37:51 - [TAB v3.0.2] Something just tried to add player _WaINd_ into team Guardsman (expected team: 8_WaINd_A)
27.03.2022 - 08:50:11 - [TAB v3.0.2] Something just tried to add player Jailor into team Marauder (expected team: 8JailorA)
27.03.2022 - 08:50:29 - [TAB v3.0.2] Something just tried to add player _WaINd_ into team Guardsman (expected team: 8_WaINd_A)
27.03.2022 - 08:50:29 - [TAB v3.0.2] Something just tried to add player Jailor into team Marauder (expected team: 8JailorA)
27.03.2022 - 09:06:48 - [TAB v3.0.2] Something just tried to add player _WaINd_ into team Guardsman (expected team: 8_WaINd_A)
27.03.2022 - 09:06:48 - [TAB v3.0.2] Something just tried to add player 3Lord3 into team Marauder (expected team: 83Lord3A)
27.03.2022 - 09:06:48 - [TAB v3.0.2] Something just tried to add player Jailor into team Marauder (expected team: 8JailorA)
27.03.2022 - 09:06:49 - [TAB v3.0.2] Something just tried to add player 3Lord3 into team Marauder (expected team: 83Lord3A)
27.03.2022 - 09:13:08 - [TAB v3.0.2] Something just tried to add player _WaINd_ into team Guardsman (expected team: 8_WaINd_A)
27.03.2022 - 09:13:08 - [TAB v3.0.2] Something just tried to add player Jailor into team Marauder (expected team: 8JailorA)
27.03.2022 - 09:34:08 - [TAB v3.0.2] Something just tried to add player _WaINd_ into team Guardsman (expected team: 8_WaINd_A)
27.03.2022 - 09:34:08 - [TAB v3.0.2] Something just tried to add player Jailor into team Marauder (expected team: 8JailorA)
27.03.2022 - 09:34:08 - [TAB v3.0.2] Something just tried to add player _WaINd_ into team Guardsman (expected team: 8_WaINd_A)
27.03.2022 - 09:36:05 - [TAB v3.0.2] Something just tried to add player Jailor into team Marauder (expected team: 8JailorA)
27.03.2022 - 09:39:18 - [TAB v3.0.2] Something just tried to add player 3Lord3 into team Hunter (expected team: 83Lord3A)
27.03.2022 - 09:39:25 - [TAB v3.0.2] Something just tried to add player 3Lord3 into team Marauder (expected team: 83Lord3A)
27.03.2022 - 09:40:39 - [TAB v3.0.2] Something just tried to add player Jailor into team Marauder (expected team: 8JailorA)
27.03.2022 - 09:44:38 - [TAB v3.0.2] Something just tried to add player _WaINd_ into team Guardsman (expected team: 8_WaINd_A)
27.03.2022 - 09:44:38 - [TAB v3.0.2] Something just tried to add player 3Lord3 into team Marauder (expected team: 83Lord3A)
27.03.2022 - 09:44:39 - [TAB v3.0.2] Something just tried to add player Horusee into team Mage (expected team: 8HoruseeA)
27.03.2022 - 09:48:50 - [TAB v3.0.2] Something just tried to add player 3Lord3 into team Marauder (expected team: 83Lord3A)
27.03.2022 - 09:53:08 - [TAB v3.0.2] Something just tried to add player _WaINd_ into team Guardsman (expected team: 8_WaINd_A)
27.03.2022 - 09:53:08 - [TAB v3.0.2] Something just tried to add player Horusee into team Mage (expected team: 8HoruseeA)
27.03.2022 - 10:19:41 - [TAB v3.0.2] Something just tried to add player _WaINd_ into team Guardsman (expected team: 8_WaINd_A)
27.03.2022 - 10:19:41 - [TAB v3.0.2] Something just tried to add player Horusee into team Mage (expected team: 8HoruseeA)
27.03.2022 - 10:37:18 - [TAB v3.0.2] Something just tried to add player _WaINd_ into team Guardsman (expected team: 8_WaINd_A)
27.03.2022 - 10:37:18 - [TAB v3.0.2] Something just tried to add player Horusee into team Mage (expected team: 8HoruseeA)
27.03.2022 - 10:50:19 - [TAB v3.0.2] Something just tried to add player _WaINd_ into team Guardsman (expected team: 8_WaINd_A)
27.03.2022 - 10:54:39 - [TAB v3.0.2] Something just tried to add player Horusee into team Mage (expected team: 8HoruseeA)
27.03.2022 - 10:57:36 - [TAB v3.0.2] Something just tried to add player MishaNeYT into team Hunter (expected team: 8MishaNeYTA)
27.03.2022 - 11:02:57 - [TAB v3.0.2] Something just tried to add player MishaNeYT into team Marauder (expected team: 8MishaNeYTA)
27.03.2022 - 11:04:26 - [TAB v3.0.2] Something just tried to add player _WaINd_ into team Guardsman (expected team: 8_WaINd_A)
27.03.2022 - 11:05:37 - [TAB v3.0.2] Something just tried to add player _WaINd_ into team Hunter (expected team: 8_WaINd_A)
27.03.2022 - 11:05:50 - [TAB v3.0.2] Something just tried to add player 3Lord3 into team Mage (expected team: 83Lord3A)
27.03.2022 - 11:29:17 - [TAB v3.0.2] Something just tried to add player _WaINd_ into team Hunter (expected team: 8_WaINd_A)
27.03.2022 - 11:29:58 - [TAB v3.0.2] Something just tried to add player 3Lord3 into team Mage (expected team: 83Lord3A)
27.03.2022 - 11:30:02 - [TAB v3.0.2] Something just tried to add player 3Lord3 into team Guardsman (expected team: 83Lord3A)
27.03.2022 - 11:31:02 - [TAB v3.0.2] Something just tried to add player 3Lord3 into team Hunter (expected team: 83Lord3A)
27.03.2022 - 11:31:07 - [TAB v3.0.2] Something just tried to add player 3Lord3 into team Marauder (expected team: 83Lord3A)
27.03.2022 - 11:34:55 - [TAB v3.0.2] Something just tried to add player MishaNeYT into team Marauder (expected team: 8MishaNeYTA)
27.03.2022 - 11:36:11 - [TAB v3.0.2] Something just tried to add player _WaINd_ into team Hunter (expected team: 8_WaINd_A)
27.03.2022 - 11:36:11 - [TAB v3.0.2] Something just tried to add player 3Lord3 into team Marauder (expected team: 83Lord3A)
27.03.2022 - 11:36:19 - [TAB v3.0.2] Something just tried to add player _WaINd_ into team Hunter (expected team: 8_WaINd_A)
27.03.2022 - 11:36:19 - [TAB v3.0.2] Something just tried to add player 3Lord3 into team Marauder (expected team: 83Lord3A)
27.03.2022 - 11:44:28 - [TAB v3.0.2] Something just tried to add player _WaINd_ into team Hunter (expected team: 8_WaINd_A)
27.03.2022 - 11:44:28 - [TAB v3.0.2] Something just tried to add player Horusee into team Mage (expected team: 8HoruseeA)
27.03.2022 - 11:55:13 - [TAB v3.0.2] Something just tried to add player MishaNeYT into team Hunter (expected team: 8MishaNeYTA)
27.03.2022 - 11:57:08 - [TAB v3.0.2] Something just tried to add player MishaNeYT into team Marauder (expected team: 8MishaNeYTA)
27.03.2022 - 12:08:20 - [TAB v3.0.2] Something just tried to add player 3Lord3 into team Hunter (expected team: 83Lord3A)
27.03.2022 - 12:08:29 - [TAB v3.0.2] Something just tried to add player 3Lord3 into team Guardsman (expected team: 83Lord3A)
27.03.2022 - 12:13:28 - [TAB v3.0.2] Something just tried to add player MishaNeYT into team Marauder (expected team: 8MishaNeYTA)
27.03.2022 - 12:17:26 - [TAB v3.0.2] Something just tried to add player Horusee into team Mage (expected team: 8HoruseeA)
27.03.2022 - 12:17:37 - [TAB v3.0.2] Something just tried to add player _WaINd_ into team Hunter (expected team: 8_WaINd_A)
27.03.2022 - 12:17:38 - [TAB v3.0.2] Something just tried to add player Horusee into team Mage (expected team: 8HoruseeA)
27.03.2022 - 12:28:42 - [TAB v3.0.2] Something just tried to add player MishaNeYT into team Marauder (expected team: 8MishaNeYTA)
27.03.2022 - 12:30:52 - [TAB v3.0.2] Something just tried to add player _WaINd_ into team Hunter (expected team: 8_WaINd_A)
27.03.2022 - 12:31:04 - [TAB v3.0.2] Something just tried to add player 3Lord3 into team Guardsman (expected team: 83Lord3A)
27.03.2022 - 12:31:30 - [TAB v3.0.2] Something just tried to add player Horusee into team Mage (expected team: 8HoruseeA)
27.03.2022 - 12:33:11 - [TAB v3.0.2] Something just tried to add player 3Lord3 into team Guardsman (expected team: 83Lord3A)
27.03.2022 - 13:48:32 - [TAB v3.0.2] Something just tried to add player _WaINd_ into team Hunter (expected team: 8_WaINd_A)
27.03.2022 - 14:03:18 - [TAB v3.0.2] Something just tried to add player _WaINd_ into team Hunter (expected team: 8_WaINd_A)
27.03.2022 - 14:05:26 - [TAB v3.0.2] Something just tried to add player 3Lord3 into team Guardsman (expected team: 83Lord3A)
27.03.2022 - 14:06:03 - [TAB v3.0.2] Something just tried to add player _WaINd_ into team Hunter (expected team: 8_WaINd_A)
27.03.2022 - 14:06:03 - [TAB v3.0.2] Something just tried to add player 3Lord3 into team Guardsman (expected team: 83Lord3A)
27.03.2022 - 14:06:47 - [TAB v3.0.2] Something just tried to add player _WaINd_ into team Hunter (expected team: 8_WaINd_A)
27.03.2022 - 14:06:47 - [TAB v3.0.2] Something just tried to add player 3Lord3 into team Guardsman (expected team: 83Lord3A)
27.03.2022 - 14:06:53 - [TAB v3.0.2] Something just tried to add player _WaINd_ into team Hunter (expected team: 8_WaINd_A)
27.03.2022 - 14:06:53 - [TAB v3.0.2] Something just tried to add player 3Lord3 into team Guardsman (expected team: 83Lord3A)
27.03.2022 - 14:06:53 - [TAB v3.0.2] Something just tried to add player _WaINd_ into team Hunter (expected team: 8_WaINd_A)
27.03.2022 - 14:07:19 - [TAB v3.0.2] Something just tried to add player 3Lord3 into team Guardsman (expected team: 83Lord3A)
27.03.2022 - 14:07:27 - [TAB v3.0.2] Something just tried to add player 3Lord3 into team Mage (expected team: 83Lord3A)
27.03.2022 - 14:13:48 - [TAB v3.0.2] Something just tried to add player _WaINd_ into team Hunter (expected team: 8_WaINd_A)
27.03.2022 - 14:13:48 - [TAB v3.0.2] Something just tried to add player 3Lord3 into team Mage (expected team: 83Lord3A)
27.03.2022 - 14:13:49 - [TAB v3.0.2] Something just tried to add player _WaINd_ into team Hunter (expected team: 8_WaINd_A)
27.03.2022 - 14:18:37 - [TAB v3.0.2] Something just tried to add player 3Lord3 into team Mage (expected team: 83Lord3A)
27.03.2022 - 14:24:47 - [TAB v3.0.2] Something just tried to add player 3Lord3 into team Hunter (expected team: 83Lord3A)
27.03.2022 - 15:05:34 - [TAB v3.0.2] Something just tried to add player _WaINd_ into team Hunter (expected team: 8_WaINd_A)
27.03.2022 - 15:05:35 - [TAB v3.0.2] Something just tried to add player DanilTerl into team Hunter (expected team: 8DanilTerlA)
27.03.2022 - 15:07:10 - [TAB v3.0.2] Something just tried to add player 3Lord3 into team Hunter (expected team: 83Lord3A)
27.03.2022 - 15:07:10 - [TAB v3.0.2] Something just tried to add player _WaINd_ into team Hunter (expected team: 8_WaINd_A)
27.03.2022 - 15:07:10 - [TAB v3.0.2] Something just tried to add player DanilTerl into team Hunter (expected team: 8DanilTerlA)
27.03.2022 - 15:07:11 - [TAB v3.0.2] Something just tried to add player 3Lord3 into team Hunter (expected team: 83Lord3A)
27.03.2022 - 15:12:52 - [TAB v3.0.2] Something just tried to add player _WaINd_ into team Hunter (expected team: 8_WaINd_A)
27.03.2022 - 15:12:52 - [TAB v3.0.2] Something just tried to add player DanilTerl into team Hunter (expected team: 8DanilTerlA)
27.03.2022 - 15:34:25 - [TAB v3.0.2] Something just tried to add player DanilTerl into team Hunter (expected team: 8DanilTerlA)
27.03.2022 - 15:36:05 - [TAB v3.0.2] Something just tried to add player _WaINd_ into team Hunter (expected team: 8_WaINd_A)
27.03.2022 - 15:54:12 - [TAB v3.0.2] Something just tried to add player DanilTerl into team Hunter (expected team: 8DanilTerlA)
27.03.2022 - 15:54:12 - [TAB v3.0.2] Something just tried to add player 3Lord3 into team Hunter (expected team: 83Lord3A)
27.03.2022 - 16:04:03 - [TAB v3.0.2] Something just tried to add player _WaINd_ into team Hunter (expected team: 8_WaINd_A)
27.03.2022 - 16:04:03 - [TAB v3.0.2] Something just tried to add player DanilTerl into team Hunter (expected team: 8DanilTerlA)
27.03.2022 - 16:10:19 - [TAB v3.0.2] Something just tried to add player 3Lord3 into team Hunter (expected team: 83Lord3A)
27.03.2022 - 16:10:19 - [TAB v3.0.2] Something just tried to add player _WaINd_ into team Hunter (expected team: 8_WaINd_A)
27.03.2022 - 16:10:19 - [TAB v3.0.2] Something just tried to add player DanilTerl into team Hunter (expected team: 8DanilTerlA)
27.03.2022 - 16:12:16 - [TAB v3.0.2] Something just tried to add player 3Lord3 into team Hunter (expected team: 83Lord3A)
27.03.2022 - 16:12:16 - [TAB v3.0.2] Something just tried to add player _WaINd_ into team Hunter (expected team: 8_WaINd_A)
27.03.2022 - 16:12:16 - [TAB v3.0.2] Something just tried to add player DanilTerl into team Hunter (expected team: 8DanilTerlA)
27.03.2022 - 16:12:16 - [TAB v3.0.2] Something just tried to add player _WaINd_ into team Hunter (expected team: 8_WaINd_A)
27.03.2022 - 16:21:35 - [TAB v3.0.2] Something just tried to add player 3Lord3 into team Hunter (expected team: 83Lord3A)
27.03.2022 - 16:21:35 - [TAB v3.0.2] Something just tried to add player _WaINd_ into team Hunter (expected team: 8_WaINd_A)
27.03.2022 - 16:21:35 - [TAB v3.0.2] Something just tried to add player DanilTerl into team Hunter (expected team: 8DanilTerlA)
27.03.2022 - 16:21:36 - [TAB v3.0.2] Something just tried to add player 3Lord3 into team Hunter (expected team: 83Lord3A)
27.03.2022 - 16:23:17 - [TAB v3.0.2] Something just tried to add player _WaINd_ into team Hunter (expected team: 8_WaINd_A)
27.03.2022 - 16:23:17 - [TAB v3.0.2] Something just tried to add player DanilTerl into team Hunter (expected team: 8DanilTerlA)
27.03.2022 - 16:23:17 - [TAB v3.0.2] Something just tried to add player 3Lord3 into team Hunter (expected team: 83Lord3A)
27.03.2022 - 16:26:09 - [TAB v3.0.2] Something just tried to add player _WaINd_ into team Hunter (expected team: 8_WaINd_A)
27.03.2022 - 16:26:09 - [TAB v3.0.2] Something just tried to add player DanilTerl into team Hunter (expected team: 8DanilTerlA)
27.03.2022 - 16:26:09 - [TAB v3.0.2] Something just tried to add player 3Lord3 into team Hunter (expected team: 83Lord3A)
27.03.2022 - 16:26:09 - [TAB v3.0.2] Something just tried to add player 3Lord3 into team Hunter (expected team: 83Lord3A)
27.03.2022 - 16:29:29 - [TAB v3.0.2] Something just tried to add player _WaINd_ into team Hunter (expected team: 8_WaINd_A)
27.03.2022 - 16:29:41 - [TAB v3.0.2] Something just tried to add player DanilTerl into team Hunter (expected team: 8DanilTerlA)
27.03.2022 - 16:29:41 - [TAB v3.0.2] Something just tried to add player 3Lord3 into team Hunter (expected team: 83Lord3A)
27.03.2022 - 16:29:45 - [TAB v3.0.2] Something just tried to add player _WaINd_ into team Hunter (expected team: 8_WaINd_A)
27.03.2022 - 16:29:45 - [TAB v3.0.2] Something just tried to add player DanilTerl into team Hunter (expected team: 8DanilTerlA)
27.03.2022 - 16:30:17 - [TAB v3.0.2] Something just tried to add player 3Lord3 into team Hunter (expected team: 83Lord3A)
27.03.2022 - 16:30:17 - [TAB v3.0.2] Something just tried to add player _WaINd_ into team Hunter (expected team: 8_WaINd_A)
27.03.2022 - 16:30:17 - [TAB v3.0.2] Something just tried to add player DanilTerl into team Hunter (expected team: 8DanilTerlA)
27.03.2022 - 16:32:09 - [TAB v3.0.2] Something just tried to add player 3Lord3 into team Hunter (expected team: 83Lord3A)
27.03.2022 - 16:32:09 - [TAB v3.0.2] Something just tried to add player _WaINd_ into team Hunter (expected team: 8_WaINd_A)
27.03.2022 - 16:32:09 - [TAB v3.0.2] Something just tried to add player DanilTerl into team Hunter (expected team: 8DanilTerlA)
27.03.2022 - 16:43:48 - [TAB v3.0.2] Something just tried to add player 3Lord3 into team Hunter (expected team: 83Lord3A)
27.03.2022 - 16:43:48 - [TAB v3.0.2] Something just tried to add player _WaINd_ into team Hunter (expected team: 8_WaINd_A)
27.03.2022 - 16:43:48 - [TAB v3.0.2] Something just tried to add player DanilTerl into team Hunter (expected team: 8DanilTerlA)
27.03.2022 - 16:43:50 - [TAB v3.0.2] Something just tried to add player 3Lord3 into team Hunter (expected team: 83Lord3A)
27.03.2022 - 16:50:19 - [TAB v3.0.2] Something just tried to add player _WaINd_ into team Hunter (expected team: 8_WaINd_A)
27.03.2022 - 16:50:19 - [TAB v3.0.2] Something just tried to add player DanilTerl into team Hunter (expected team: 8DanilTerlA)
27.03.2022 - 16:50:20 - [TAB v3.0.2] Something just tried to add player 3Lord3 into team Hunter (expected team: 83Lord3A)
27.03.2022 - 16:50:27 - [TAB v3.0.2] Something just tried to add player _WaINd_ into team Hunter (expected team: 8_WaINd_A)
27.03.2022 - 16:50:27 - [TAB v3.0.2] Something just tried to add player DanilTerl into team Hunter (expected team: 8DanilTerlA)
27.03.2022 - 16:50:27 - [TAB v3.0.2] Something just tried to add player 3Lord3 into team Hunter (expected team: 83Lord3A)
27.03.2022 - 16:50:27 - [TAB v3.0.2] Something just tried to add player _WaINd_ into team Hunter (expected team: 8_WaINd_A)
27.03.2022 - 16:50:27 - [TAB v3.0.2] Something just tried to add player DanilTerl into team Hunter (expected team: 8DanilTerlA)
27.03.2022 - 16:51:16 - [TAB v3.0.2] Something just tried to add player _WaINd_ into team Hunter (expected team: 8_WaINd_A)
27.03.2022 - 16:51:16 - [TAB v3.0.2] Something just tried to add player DanilTerl into team Hunter (expected team: 8DanilTerlA)
27.03.2022 - 16:51:16 - [TAB v3.0.2] Something just tried to add player 3Lord3 into team Hunter (expected team: 83Lord3A)
27.03.2022 - 16:51:16 - [TAB v3.0.2] Something just tried to add player _WaINd_ into team Hunter (expected team: 8_WaINd_A)
27.03.2022 - 16:51:16 - [TAB v3.0.2] Something just tried to add player DanilTerl into team Hunter (expected team: 8DanilTerlA)
27.03.2022 - 16:52:46 - [TAB v3.0.2] Something just tried to add player 3Lord3 into team Hunter (expected team: 83Lord3A)
27.03.2022 - 16:52:46 - [TAB v3.0.2] Something just tried to add player _WaINd_ into team Hunter (expected team: 8_WaINd_A)
27.03.2022 - 16:52:46 - [TAB v3.0.2] Something just tried to add player DanilTerl into team Hunter (expected team: 8DanilTerlA)
27.03.2022 - 16:52:46 - [TAB v3.0.2] Something just tried to add player 3Lord3 into team Hunter (expected team: 83Lord3A)
27.03.2022 - 16:52:54 - [TAB v3.0.2] Something just tried to add player _WaINd_ into team Hunter (expected team: 8_WaINd_A)
27.03.2022 - 16:52:54 - [TAB v3.0.2] Something just tried to add player DanilTerl into team Hunter (expected team: 8DanilTerlA)
27.03.2022 - 16:52:54 - [TAB v3.0.2] Something just tried to add player 3Lord3 into team Hunter (expected team: 83Lord3A)
27.03.2022 - 16:52:54 - [TAB v3.0.2] Something just tried to add player _WaINd_ into team Hunter (expected team: 8_WaINd_A)
27.03.2022 - 16:52:54 - [TAB v3.0.2] Something just tried to add player DanilTerl into team Hunter (expected team: 8DanilTerlA)
28.03.2022 - 06:42:06 - [TAB v3.0.2] Something just tried to add player 3Lord3 into team Hunter (expected team: 83Lord3A)
28.03.2022 - 07:56:23 - [TAB v3.0.2] Something just tried to add player _WaINd_ into team Hunter (expected team: 8_WaINd_A)
28.03.2022 - 17:22:51 - [TAB v3.0.2] Something just tried to add player DanilTerl into team Hunter (expected team: 8DanilTerlA)
28.03.2022 - 17:26:51 - [TAB v3.0.2] Something just tried to add player DanilTerl into team Mage (expected team: 8DanilTerlA)
28.03.2022 - 19:38:08 - [TAB v3.0.2] Something just tried to add player 3Lord3 into team Hunter (expected team: 83Lord3A)
28.03.2022 - 19:39:44 - [TAB v3.0.2] Something just tried to add player 3Lord3 into team Guardsman (expected team: 83Lord3A)
28.03.2022 - 19:44:23 - [TAB v3.0.2] Something just tried to add player Jailor into team Mage (expected team: 8JailorA)
28.03.2022 - 19:46:41 - [TAB v3.0.2] Something just tried to add player 3Lord3 into team Guardsman (expected team: 83Lord3A)
28.03.2022 - 19:46:52 - [TAB v3.0.2] Something just tried to add player Jailor into team Mage (expected team: 8JailorA)
28.03.2022 - 19:47:04 - [TAB v3.0.2] Something just tried to add player 3Lord3 into team Guardsman (expected team: 83Lord3A)
28.03.2022 - 19:47:04 - [TAB v3.0.2] Something just tried to add player Jailor into team Mage (expected team: 8JailorA)
29.03.2022 - 10:55:02 - [TAB v3.0.2] Something just tried to add player _WaINd_ into team Hunter (expected team: 8_WaINd_A)
29.03.2022 - 11:02:59 - [TAB v3.0.2] Something just tried to add player _WaINd_ into team Hunter (expected team: 8_WaINd_A)
29.03.2022 - 11:11:30 - [TAB v3.0.2] Something just tried to add player _WaINd_ into team Hunter (expected team: 8_WaINd_A)
29.03.2022 - 11:16:24 - [TAB v3.0.2] Something just tried to add player _WaINd_ into team Hunter (expected team: 8_WaINd_A)
29.03.2022 - 11:34:13 - [TAB v3.0.2] Something just tried to add player _WaINd_ into team Hunter (expected team: 8_WaINd_A)
30.03.2022 - 10:25:43 - [TAB v3.0.2] Something just tried to add player Horusee into team Mage (expected team: 8HoruseeA)
30.03.2022 - 10:30:39 - [TAB v3.0.2] Something just tried to add player Horusee into team Hunter (expected team: 8HoruseeA)
30.03.2022 - 10:31:03 - [TAB v3.0.2] Something just tried to add player Horusee into team Ninja (expected team: 8HoruseeA)
30.03.2022 - 10:31:44 - [TAB v3.0.2] Something just tried to add player Horusee into team Hunter (expected team: 8HoruseeA)
30.03.2022 - 10:31:53 - [TAB v3.0.2] Something just tried to add player Horusee into team Ninja (expected team: 8HoruseeA)
30.03.2022 - 10:37:40 - [TAB v3.0.2] Something just tried to add player 3Lord3 into team Guardsman (expected team: 83Lord3A)
30.03.2022 - 10:39:35 - [TAB v3.0.2] Something just tried to add player 3Lord3 into team Hunter (expected team: 83Lord3A)
30.03.2022 - 10:39:44 - [TAB v3.0.2] Something just tried to add player 3Lord3 into team Ninja (expected team: 83Lord3A)
30.03.2022 - 10:51:18 - [TAB v3.0.2] Something just tried to add player Horusee into team Ninja (expected team: 8HoruseeA)
30.03.2022 - 10:51:18 - [TAB v3.0.2] Something just tried to add player 3Lord3 into team Ninja (expected team: 83Lord3A)
30.03.2022 - 10:51:47 - [TAB v3.0.2] Something just tried to add player Horusee into team Ninja (expected team: 8HoruseeA)
30.03.2022 - 10:51:47 - [TAB v3.0.2] Something just tried to add player 3Lord3 into team Ninja (expected team: 83Lord3A)
30.03.2022 - 11:02:39 - [TAB v3.0.2] Something just tried to add player Horusee into team Ninja (expected team: 8HoruseeA)
30.03.2022 - 11:02:39 - [TAB v3.0.2] Something just tried to add player 3Lord3 into team Ninja (expected team: 83Lord3A)
30.03.2022 - 11:02:39 - [TAB v3.0.2] Something just tried to add player Horusee into team Ninja (expected team: 8HoruseeA)
30.03.2022 - 12:48:49 - [TAB v3.0.2] Something just tried to add player Jailor into team Mage (expected team: 8JailorA)
30.03.2022 - 14:26:42 - [TAB v3.0.2] Something just tried to add player _WaINd_ into team Hunter (expected team: 8_WaINd_A)
30.03.2022 - 14:39:30 - [TAB v3.0.2] Something just tried to add player Jailor into team Mage (expected team: 8JailorA)
31.03.2022 - 16:58:19 - [TAB v3.0.2] Something just tried to add player 3Lord3 into team Ninja (expected team: 83Lord3A)
31.03.2022 - 17:28:13 - [TAB v3.0.2] Something just tried to add player DanilTerl into team Mage (expected team: 8DanilTerlA)
31.03.2022 - 17:35:14 - [TAB v3.0.2] Something just tried to add player 3Lord3 into team Ninja (expected team: 83Lord3A)
31.03.2022 - 17:38:20 - [TAB v3.0.2] Something just tried to add player DanilTerl into team Hunter (expected team: 8DanilTerlA)
31.03.2022 - 17:38:39 - [TAB v3.0.2] Something just tried to add player DanilTerl into team Ninja (expected team: 8DanilTerlA)
31.03.2022 - 18:39:36 - [TAB v3.0.2] Something just tried to add player DanilTerl into team Mage (expected team: 8DanilTerlA)
31.03.2022 - 18:50:44 - [TAB v3.0.2] Something just tried to add player 3Lord3 into team Ninja (expected team: 83Lord3A)
31.03.2022 - 18:52:55 - [TAB v3.0.2] Something just tried to add player DanilTerl into team Mage (expected team: 8DanilTerlA)
31.03.2022 - 18:53:08 - [TAB v3.0.2] Something just tried to add player 3Lord3 into team Mage (expected team: 83Lord3A)
31.03.2022 - 18:55:19 - [TAB v3.0.2] Something just tried to add player DanilTerl into team Mage (expected team: 8DanilTerlA)
31.03.2022 - 18:55:19 - [TAB v3.0.2] Something just tried to add player 3Lord3 into team Mage (expected team: 83Lord3A)
31.03.2022 - 18:55:19 - [TAB v3.0.2] Something just tried to add player DanilTerl into team Mage (expected team: 8DanilTerlA)
31.03.2022 - 18:55:47 - [TAB v3.0.2] Something just tried to add player 3Lord3 into team Mage (expected team: 83Lord3A)
31.03.2022 - 18:55:54 - [TAB v3.0.2] Something just tried to add player 3Lord3 into team Hunter (expected team: 83Lord3A)
31.03.2022 - 19:09:43 - [TAB v3.0.2] Something just tried to add player DanilTerl into team Mage (expected team: 8DanilTerlA)
01.04.2022 - 07:33:38 - [TAB v3.0.2] Something just tried to add player Horusee into team Ninja (expected team: 8HoruseeA)
01.04.2022 - 17:28:53 - [TAB v3.0.2] Something just tried to add player _WaINd_ into team Hunter (expected team: 8_WaINd_A)
01.04.2022 - 17:29:30 - [TAB v3.0.2] Something just tried to add player DanilTerl into team Mage (expected team: 8DanilTerlA)
01.04.2022 - 17:45:48 - [TAB v3.0.2] Something just tried to add player _WaINd_ into team Hunter (expected team: 8_WaINd_A)
01.04.2022 - 17:53:35 - [TAB v3.0.2] Something just tried to add player DanilTerl into team Mage (expected team: 8DanilTerlA)
02.04.2022 - 06:47:30 - [TAB v3.0.2] Something just tried to add player Horusee into team Ninja (expected team: 8HoruseeA)
02.04.2022 - 07:31:20 - [TAB v3.0.2] Something just tried to add player Horusee into team Ninja (expected team: 8HoruseeA)
02.04.2022 - 07:52:07 - [TAB v3.0.2] Something just tried to add player 3Lord3 into team Hunter (expected team: 83Lord3A)
02.04.2022 - 14:13:29 - [TAB v3.0.2] Something just tried to add player Horusee into team Ninja (expected team: 8HoruseeA)
02.04.2022 - 14:27:14 - [TAB v3.0.2] Something just tried to add player DanilTerl into team Mage (expected team: 8DanilTerlA)
02.04.2022 - 14:28:25 - [TAB v3.0.2] Something just tried to add player DanilTerl into team Hunter (expected team: 8DanilTerlA)
02.04.2022 - 14:28:37 - [TAB v3.0.2] Something just tried to add player DanilTerl into team Ninja (expected team: 8DanilTerlA)
02.04.2022 - 15:51:11 - [TAB v3.0.2] Something just tried to add player 3Lord3 into team Hunter (expected team: 83Lord3A)
03.04.2022 - 06:08:22 - [TAB v3.0.2] Something just tried to add player 3Lord3 into team Mage (expected team: 83Lord3A)
03.04.2022 - 12:34:57 - [TAB v3.0.2] Something just tried to add player DanilTerl into team Ninja (expected team: 8DanilTerlA)
04.04.2022 - 12:00:50 - [TAB v3.0.2] Something just tried to add player Jailor into team Mage (expected team: 8JailorA)
05.04.2022 - 08:55:01 - [TAB v3.0.2] Something just tried to add player 3Lord3 into team Mage (expected team: 83Lord3A)
10.04.2022 - 13:53:48 - [TAB v3.0.2] Something just tried to add player 3Lord3 into team Mage (expected team: 83Lord3A)
10.04.2022 - 16:32:09 - [TAB v3.0.2] Something just tried to add player Jailor into team Mage (expected team: 8JailorA)
10.04.2022 - 16:53:44 - [TAB v3.0.2] Something just tried to add player 3Lord3 into team Mage (expected team: 83Lord3A)
10.04.2022 - 16:53:44 - [TAB v3.0.2] Something just tried to add player Jailor into team Mage (expected team: 8JailorA)
10.04.2022 - 16:53:44 - [TAB v3.0.2] Something just tried to add player 3Lord3 into team Mage (expected team: 83Lord3A)
10.04.2022 - 17:17:00 - [TAB v3.0.2] Something just tried to add player Jailor into team Mage (expected team: 8JailorA)
10.04.2022 - 17:17:00 - [TAB v3.0.2] Something just tried to add player 3Lord3 into team Mage (expected team: 83Lord3A)
10.04.2022 - 17:28:57 - [TAB v3.0.2] Something just tried to add player Jailor into team Mage (expected team: 8JailorA)
10.04.2022 - 17:28:58 - [TAB v3.0.2] Something just tried to add player 3Lord3 into team Mage (expected team: 83Lord3A)
10.04.2022 - 17:33:56 - [TAB v3.0.2] Something just tried to add player Jailor into team Mage (expected team: 8JailorA)
10.04.2022 - 17:40:26 - [TAB v3.0.2] Something just tried to add player 3Lord3 into team Mage (expected team: 83Lord3A)
10.04.2022 - 17:40:39 - [TAB v3.0.2] Something just tried to add player 3Lord3 into team Hunter (expected team: 83Lord3A)
10.04.2022 - 17:40:48 - [TAB v3.0.2] Something just tried to add player Jailor into team Mage (expected team: 8JailorA)
10.04.2022 - 17:40:54 - [TAB v3.0.2] Something just tried to add player Jailor into team Hunter (expected team: 8JailorA)
10.04.2022 - 17:47:33 - [TAB v3.0.2] Something just tried to add player 3Lord3 into team Hunter (expected team: 83Lord3A)
10.04.2022 - 17:47:33 - [TAB v3.0.2] Something just tried to add player Jailor into team Hunter (expected team: 8JailorA)
10.04.2022 - 17:47:33 - [TAB v3.0.2] Something just tried to add player 3Lord3 into team Hunter (expected team: 83Lord3A)
10.04.2022 - 18:03:29 - [TAB v3.0.2] Something just tried to add player Jailor into team Hunter (expected team: 8JailorA)
10.04.2022 - 18:04:31 - [TAB v3.0.2] Something just tried to add player 3Lord3 into team Hunter (expected team: 83Lord3A)
10.04.2022 - 18:04:59 - [TAB v3.0.2] Something just tried to add player Jailor into team Hunter (expected team: 8JailorA)
10.04.2022 - 18:07:11 - [TAB v3.0.2] Something just tried to add player Lord_lotus into team Hunter (expected team: 8Lord_lotusA)
10.04.2022 - 18:12:56 - [TAB v3.0.2] Something just tried to add player 3Lord3 into team Hunter (expected team: 83Lord3A)
10.04.2022 - 18:13:30 - [TAB v3.0.2] Something just tried to add player Lord_lotus into team Hunter (expected team: 8Lord_lotusA)
12.04.2022 - 17:14:17 - [TAB v3.0.2] Something just tried to add player 3Lord3 into team Hunter (expected team: 83Lord3A)
14.04.2022 - 14:38:03 - [TAB v3.0.2] Something just tried to add player 3Lord3 into team Guardsman (expected team: 83Lord3A)
14.04.2022 - 15:31:14 - [TAB v3.0.2] Something just tried to add player Jailor into team Hunter (expected team: 8JailorA)
14.04.2022 - 15:33:19 - [TAB v3.0.2] Something just tried to add player Jailor into team Guardsman (expected team: 8JailorA)
14.04.2022 - 15:33:43 - [TAB v3.0.2] Something just tried to add player Jailor into team Warrior (expected team: 8JailorA)
14.04.2022 - 15:53:37 - [TAB v3.0.2] Something just tried to add player 3Lord3 into team Guardsman (expected team: 83Lord3A)
18.04.2022 - 19:37:20 - [TAB v3.0.2] Something just tried to add player Horusee into team Guardsman (expected team: 8HoruseeA)
18.04.2022 - 19:37:34 - [TAB v3.0.2] Something just tried to add player Horusee into team Warrior (expected team: 8HoruseeA)
19.04.2022 - 07:50:28 - [TAB v3.0.2] Something just tried to add player 3Lord3 into team Guardsman (expected team: 83Lord3A)
19.04.2022 - 07:50:52 - [TAB v3.0.2] Something just tried to add player 3Lord3 into team Warrior (expected team: 83Lord3A)
20.04.2022 - 07:55:00 - [TAB v3.0.2] Something just tried to add player Horusee into team Warrior (expected team: 8HoruseeA)
23.05.2022 - 17:28:02 - [TAB v3.1.1] Something just tried to add player Jailor into team Hunter (expected team: 8JailorA)
23.05.2022 - 17:28:10 - [TAB v3.1.1] Something just tried to add player Horusee into team Warrior (expected team: 8HoruseeA)
23.05.2022 - 17:28:42 - [TAB v3.1.1] Something just tried to add player Jailor into team Hunter (expected team: 8JailorA)
23.05.2022 - 17:28:42 - [TAB v3.1.1] Something just tried to add player Horusee into team Warrior (expected team: 8HoruseeA)
23.05.2022 - 17:28:42 - [TAB v3.1.1] Something just tried to add player 3Lord3 into team Warrior (expected team: 83Lord3A)
23.05.2022 - 17:49:35 - [TAB v3.1.1] Something just tried to add player Jailor into team Hunter (expected team: 8JailorA)
23.05.2022 - 17:49:35 - [TAB v3.1.1] Something just tried to add player 3Lord3 into team Warrior (expected team: 83Lord3A)
23.05.2022 - 17:49:35 - [TAB v3.1.1] Something just tried to add player Horusee into team Warrior (expected team: 8HoruseeA)
23.05.2022 - 18:24:06 - [TAB v3.1.1] Something just tried to add player 3Lord3 into team Warrior (expected team: 83Lord3A)
23.05.2022 - 18:24:06 - [TAB v3.1.1] Something just tried to add player Horusee into team Warrior (expected team: 8HoruseeA)
24.05.2022 - 10:11:48 - [TAB v3.1.1] Something just tried to add player Jailor into team Hunter (expected team: 8JailorA)
25.05.2022 - 12:48:14 - [TAB v3.1.1] Something just tried to add player Horusee into team Warrior (expected team: 8HoruseeA)
26.05.2022 - 11:19:31 - [TAB v3.1.1] Something just tried to add player 3Lord3 into team Warrior (expected team: 83Lord3A)
26.05.2022 - 14:37:05 - [TAB v3.1.1] Something just tried to add player Jailor into team Hunter (expected team: 8JailorA)
26.05.2022 - 15:05:41 - [TAB v3.1.1] Something just tried to add player Horusee into team Warrior (expected team: 8HoruseeA)
26.05.2022 - 18:49:44 - [TAB v3.1.1] Something just tried to add player Jailor into team Hunter (expected team: 8JailorA)
14.06.2022 - 13:02:57 - [TAB v3.1.1] Something just tried to add player Jailor into team Hunter (expected team: 8JailorA)
14.06.2022 - 13:34:27 - [TAB v3.1.1] Something just tried to add player Jailor into team Hunter (expected team: 8JailorA)
17.06.2022 - 16:45:09 - [TAB v3.1.1] Something just tried to add player Jailor into team Hunter (expected team: 8JailorA)
21.06.2022 - 10:06:33 - [TAB v3.1.1] Something just tried to add player Jailor into team Hunter (expected team: 8JailorA)
21.06.2022 - 10:12:11 - [TAB v3.1.1] Something just tried to add player kinkpup into team Mage (expected team: 8kinkpupA)
21.06.2022 - 13:51:17 - [TAB v3.1.1] Something just tried to add player Jailor into team Hunter (expected team: 8JailorA)
22.06.2022 - 15:23:57 - [TAB v3.1.1] Something just tried to add player Jailor into team Hunter (expected team: 8JailorA)
